2021-02-08 14:51:42 INFO  PluginTasksProjectComponent.projectOpened(77) - ---------- Project opened ----------
2021-02-08 14:51:42 INFO  PluginTasksProjectComponent.projectOpened(78) - ---------- Version 3.43 ----------

2021-02-08 14:51:42 INFO  PluginTasksProjectComponent.setAutoscrolls(366) - Autoscrolls successfully set
2021-02-08 14:51:42 INFO  ApacheHttpClient.isSessionAppropriateWithSecretKey(583) - The session is not set in the property file.
2021-02-08 14:52:00 INFO  ApacheHttpClient.login(249) - Waiting for server response.
2021-02-08 14:52:00 INFO  ApacheHttpClient.login(249) - Waiting for server response.
2021-02-08 14:52:00 INFO  ApacheHttpClient.login(253) - responseCode = 200
2021-02-08 14:52:00 INFO  ApacheHttpClient.login(276) - JSESSIONID OK
2021-02-08 14:52:00 INFO  ApacheHttpClient.refreshUserInfo(304) - responseCode = 200
2021-02-08 14:52:00 INFO  ApacheHttpClient.refreshUserInfo(310) - User information received.
2021-02-08 14:52:00 INFO  ApacheHttpClient.startGA(35) - GAService started.
2021-02-08 14:52:00 INFO  AbstractRestApiClient.startService(71) - EventsService started.
2021-02-08 14:52:19 INFO  ApacheHttpClient.getWebResourceAsStream(496) - responseCode = 200
2021-02-08 14:52:20 INFO  ApacheHttpClient.getFilteredTasks(335) - responseCode = 200
2021-02-08 14:54:08 INFO  ApacheHttpClient.getWebResourceAsStream(496) - responseCode = 200
2021-02-08 14:54:08 INFO  ApacheHttpClient.getFilteredTasks(335) - responseCode = 200
2021-02-08 14:54:14 INFO  ApacheHttpClient.getFilteredTasks(335) - responseCode = 200
2021-02-08 14:54:17 INFO  ApacheHttpClient.getFilteredTasks(335) - responseCode = 200
2021-02-08 14:54:21 INFO  ApacheHttpClient.getFilteredTasks(335) - responseCode = 200
2021-02-08 14:54:24 INFO  ApacheHttpClient.getFilteredTasks(335) - responseCode = 200
2021-02-08 14:54:25 INFO  ApacheHttpClient.getFilteredTasks(335) - responseCode = 200
2021-02-08 14:54:29 INFO  ApacheHttpClient.getFilteredTasks(335) - responseCode = 200
2021-02-08 14:54:34 INFO  PluginTasksProjectComponent.projectClosing(188) - ---------- Project closed ----------

2021-02-08 14:54:34 ERROR PluginUtil.getUserPropertyFromProjectByKey(317) - Error while using a key to get a property from properties file. : java.lang.NullPointerException
2021-02-08 14:54:34 ERROR PluginUtil.getUserPropertyFromProjectByKey(317) - Error while using a key to get a property from properties file. : java.lang.NullPointerException
2021-02-08 14:58:04 INFO  PluginTasksProjectComponent.projectOpened(77) - ---------- Project opened ----------
2021-02-08 14:58:04 INFO  PluginTasksProjectComponent.projectOpened(78) - ---------- Version 3.43 ----------

2021-02-08 14:58:04 INFO  PluginTasksProjectComponent.setAutoscrolls(366) - Autoscrolls successfully set
2021-02-08 14:58:05 INFO  ApacheHttpClient.createAsyncHttpClient(145) - 1 proxies selected. Type: DIRECT
2021-02-08 14:58:06 INFO  ApacheHttpClient.<init>(96) - ApacheHttpClient was successfully instantiated.
2021-02-08 14:58:06 INFO  ApacheHttpClient.testConnection(204) - responseCode = 200
2021-02-08 14:58:06 INFO  ApacheHttpClient.testConnection(219) - result = true
2021-02-08 14:58:06 INFO  ApacheHttpClient.isSessionAppropriateWithSecretKey(596) - Waiting for server response.
2021-02-08 14:58:06 INFO  ApacheHttpClient.isSessionAppropriateWithSecretKey(596) - Waiting for server response.
2021-02-08 14:58:07 INFO  ApacheHttpClient.refreshUserInfo(304) - responseCode = 200
2021-02-08 14:58:07 INFO  ApacheHttpClient.refreshUserInfo(310) - User information received.
2021-02-08 14:58:07 INFO  ApacheHttpClient.startGA(35) - GAService started.
2021-02-08 14:58:07 INFO  AbstractRestApiClient.startService(71) - EventsService started.
2021-02-08 15:00:08 INFO  PluginTasksProjectComponent.projectClosing(188) - ---------- Project closed ----------

2021-02-08 15:00:08 ERROR PluginUtil.getUserPropertyFromProjectByKey(317) - Error while using a key to get a property from properties file. : java.lang.NullPointerException
2021-02-08 15:00:08 ERROR PluginUtil.getUserPropertyFromProjectByKey(317) - Error while using a key to get a property from properties file. : java.lang.NullPointerException
2021-02-09 09:38:31 INFO  PluginTasksProjectComponent.projectOpened(77) - ---------- Project opened ----------
2021-02-09 09:38:31 INFO  PluginTasksProjectComponent.projectOpened(78) - ---------- Version 3.43 ----------

2021-02-09 09:38:31 INFO  ApacheHttpClient.isSessionAppropriateWithSecretKey(596) - Waiting for server response.
2021-02-09 09:38:31 INFO  ApacheHttpClient.isSessionAppropriateWithSecretKey(596) - Waiting for server response.
2021-02-09 09:38:31 INFO  ApacheHttpClient.refreshUserInfo(304) - responseCode = 200
2021-02-09 09:38:31 INFO  ApacheHttpClient.refreshUserInfo(310) - User information received.
2021-02-09 09:38:31 INFO  ApacheHttpClient.startGA(35) - GAService started.
2021-02-09 09:38:31 INFO  AbstractRestApiClient.startService(71) - EventsService started.
2021-02-09 09:38:34 INFO  ApacheHttpClient.getWebResourceAsStream(496) - responseCode = 200
2021-02-09 09:38:35 INFO  ApacheHttpClient.getFilteredTasks(335) - responseCode = 200
2021-02-09 09:39:08 INFO  ApacheHttpClient.getFilteredTasks(335) - responseCode = 200
2021-02-09 09:39:19 INFO  ApacheHttpClient.getFilteredTasks(335) - responseCode = 200
2021-02-09 09:39:21 INFO  ApacheHttpClient.getTaskTemplateInfo(352) - responseCode = 200
2021-02-09 09:39:25 INFO  ApacheHttpClient.getWebResourceAsStream(496) - responseCode = 200
2021-02-09 09:39:25 INFO  ApacheHttpClient.getWebResourceAsStream(496) - responseCode = 200
2021-02-09 09:39:26 INFO  ApacheHttpClient.getFilteredTasks(335) - responseCode = 200
2021-02-09 09:39:29 INFO  ApacheHttpClient.getFilteredTasks(335) - responseCode = 200
2021-02-09 09:39:31 INFO  ApacheHttpClient.sendEvent(529) - responseCode = 200
2021-02-09 09:39:42 INFO  ApacheHttpClient.getFilteredTasks(335) - responseCode = 200
2021-02-09 09:39:44 INFO  ApacheHttpClient.getFilteredTasks(335) - responseCode = 200
2021-02-09 09:40:31 INFO  ApacheHttpClient.sendEvent(529) - responseCode = 200
2021-02-09 09:41:31 INFO  ApacheHttpClient.sendEvent(529) - responseCode = 200
2021-02-09 09:42:31 INFO  ApacheHttpClient.sendEvent(529) - responseCode = 200
2021-02-09 09:43:31 INFO  ApacheHttpClient.sendEvent(529) - responseCode = 200
2021-02-09 09:44:31 INFO  ApacheHttpClient.sendEvent(529) - responseCode = 200
2021-02-09 09:45:31 INFO  ApacheHttpClient.sendEvent(529) - responseCode = 200
2021-02-09 09:46:31 INFO  ApacheHttpClient.sendEvent(529) - responseCode = 200
2021-02-09 09:47:31 INFO  ApacheHttpClient.sendEvent(529) - responseCode = 200
2021-02-09 09:48:31 INFO  ApacheHttpClient.sendEvent(529) - responseCode = 200
2021-02-09 09:48:49 INFO  ApacheHttpClient.getWebResourceAsStream(496) - responseCode = 200
2021-02-09 09:48:50 INFO  ApacheHttpClient.getFilteredTasks(335) - responseCode = 200
2021-02-09 09:48:53 INFO  ApacheHttpClient.getFilteredTasks(335) - responseCode = 200
2021-02-09 09:48:55 INFO  ApacheHttpClient.getTaskTemplateInfo(352) - responseCode = 200
2021-02-09 09:48:57 INFO  ApacheHttpClient.getWebResourceAsStream(496) - responseCode = 200
2021-02-09 09:49:32 INFO  ApacheHttpClient.sendEvent(529) - responseCode = 200
2021-02-09 09:50:31 INFO  ApacheHttpClient.sendEvent(529) - responseCode = 200
2021-02-09 09:51:31 INFO  ApacheHttpClient.sendEvent(529) - responseCode = 200
2021-02-09 09:52:26 INFO  ApacheHttpClient.getWebResourceAsStream(496) - responseCode = 200
2021-02-09 09:52:27 INFO  ApacheHttpClient.getTask(482) - responseCode = 200
2021-02-09 09:52:27 INFO  ApacheHttpClient.getWebResourceAsStream(496) - responseCode = 200
2021-02-09 09:52:28 INFO  ApacheHttpClient.completed(28) - responseCode = 200
2021-02-09 09:52:31 INFO  ApacheHttpClient.sendEvent(529) - responseCode = 200
2021-02-09 09:52:46 INFO  ApacheHttpClient.getWebResourceAsStream(496) - responseCode = 200
2021-02-09 09:52:46 INFO  ApacheHttpClient.getTask(482) - responseCode = 200
2021-02-09 09:52:47 INFO  ApacheHttpClient.completed(28) - responseCode = 200
2021-02-09 09:52:47 INFO  ApacheHttpClient.getWebResourceAsStream(496) - responseCode = 200
2021-02-09 09:52:55 INFO  ApacheHttpClient.getWebResourceAsStream(496) - responseCode = 200
2021-02-09 09:52:55 INFO  ApacheHttpClient.getTask(482) - responseCode = 200
2021-02-09 09:52:56 INFO  ApacheHttpClient.getWebResourceAsStream(496) - responseCode = 200
2021-02-09 09:52:57 INFO  ApacheHttpClient.completed(28) - responseCode = 200
2021-02-09 09:52:57 INFO  ApacheHttpClient.getTask(482) - responseCode = 200
2021-02-09 09:53:08 INFO  ApacheHttpClient.getWebResourceAsStream(496) - responseCode = 200
2021-02-09 09:53:09 INFO  ApacheHttpClient.getFilteredTasks(335) - responseCode = 200
2021-02-09 09:53:28 INFO  ApacheHttpClient.getTaskTemplateInfo(352) - responseCode = 200
2021-02-09 09:53:29 INFO  ApacheHttpClient.getWebResourceAsStream(496) - responseCode = 200
2021-02-09 09:53:31 INFO  ApacheHttpClient.sendEvent(529) - responseCode = 200
2021-02-09 09:54:31 INFO  ApacheHttpClient.sendEvent(529) - responseCode = 200
2021-02-09 09:55:31 INFO  ApacheHttpClient.sendEvent(529) - responseCode = 200
2021-02-09 09:56:31 INFO  ApacheHttpClient.sendEvent(529) - responseCode = 200
2021-02-09 09:57:31 INFO  ApacheHttpClient.sendEvent(529) - responseCode = 200
2021-02-09 09:58:31 INFO  ApacheHttpClient.sendEvent(529) - responseCode = 200
2021-02-09 09:59:31 INFO  ApacheHttpClient.sendEvent(529) - responseCode = 200
2021-02-09 10:00:31 INFO  ApacheHttpClient.sendEvent(529) - responseCode = 200
2021-02-09 10:01:31 INFO  ApacheHttpClient.sendEvent(529) - responseCode = 200
2021-02-09 10:01:39 INFO  ApacheHttpClient.getWebResourceAsStream(496) - responseCode = 200
2021-02-09 10:01:39 INFO  ApacheHttpClient.getTask(482) - responseCode = 200
2021-02-09 10:01:40 INFO  ApacheHttpClient.getWebResourceAsStream(496) - responseCode = 200
2021-02-09 10:01:41 INFO  ApacheHttpClient.completed(28) - responseCode = 200
2021-02-09 10:02:31 INFO  ApacheHttpClient.sendEvent(529) - responseCode = 200
2021-02-09 10:03:31 INFO  ApacheHttpClient.sendEvent(529) - responseCode = 200
2021-02-09 10:04:31 INFO  ApacheHttpClient.sendEvent(529) - responseCode = 200
2021-02-09 10:04:36 INFO  ApacheHttpClient.getWebResourceAsStream(496) - responseCode = 200
2021-02-09 10:04:37 INFO  ApacheHttpClient.getTask(482) - responseCode = 200
2021-02-09 10:04:37 INFO  ApacheHttpClient.getWebResourceAsStream(496) - responseCode = 200
2021-02-09 10:04:40 INFO  ApacheHttpClient.completed(28) - responseCode = 200
2021-02-09 10:05:31 INFO  ApacheHttpClient.sendEvent(529) - responseCode = 200
2021-02-09 10:06:20 INFO  ApacheHttpClient.getWebResourceAsStream(496) - responseCode = 200
2021-02-09 10:06:20 INFO  ApacheHttpClient.getFilteredTasks(335) - responseCode = 200
2021-02-09 10:06:23 INFO  ApacheHttpClient.getWebResourceAsStream(496) - responseCode = 200
2021-02-09 10:06:24 INFO  ApacheHttpClient.getTask(482) - responseCode = 200
2021-02-09 10:06:24 INFO  ApacheHttpClient.getWebResourceAsStream(496) - responseCode = 200
2021-02-09 10:06:27 INFO  ApacheHttpClient.completed(28) - responseCode = 200
2021-02-09 10:06:27 INFO  ApacheHttpClient.getTask(482) - responseCode = 200
2021-02-09 10:06:31 INFO  ApacheHttpClient.sendEvent(529) - responseCode = 200
2021-02-09 10:06:37 INFO  ApacheHttpClient.getWebResourceAsStream(496) - responseCode = 200
2021-02-09 10:06:37 INFO  ApacheHttpClient.getFilteredTasks(335) - responseCode = 200
2021-02-09 10:06:43 INFO  ApacheHttpClient.getTaskTemplateInfo(352) - responseCode = 200
2021-02-09 10:06:44 INFO  ApacheHttpClient.getWebResourceAsStream(496) - responseCode = 200
2021-02-09 10:07:31 INFO  ApacheHttpClient.sendEvent(529) - responseCode = 200
2021-02-09 10:08:31 INFO  ApacheHttpClient.sendEvent(529) - responseCode = 200
2021-02-09 10:09:31 INFO  ApacheHttpClient.sendEvent(529) - responseCode = 200
2021-02-09 10:10:31 INFO  ApacheHttpClient.sendEvent(529) - responseCode = 200
2021-02-09 10:11:31 INFO  ApacheHttpClient.sendEvent(529) - responseCode = 200
2021-02-09 10:12:31 INFO  ApacheHttpClient.sendEvent(529) - responseCode = 200
2021-02-09 10:13:31 INFO  ApacheHttpClient.sendEvent(529) - responseCode = 200
2021-02-09 10:14:31 INFO  ApacheHttpClient.sendEvent(529) - responseCode = 200
2021-02-09 10:15:31 INFO  ApacheHttpClient.sendEvent(529) - responseCode = 200
2021-02-09 10:16:31 INFO  ApacheHttpClient.sendEvent(529) - responseCode = 200
2021-02-09 10:16:40 INFO  ApacheHttpClient.getWebResourceAsStream(496) - responseCode = 200
2021-02-09 10:16:40 INFO  ApacheHttpClient.getWebResourceAsStream(496) - responseCode = 200
2021-02-09 10:16:40 INFO  ApacheHttpClient.getTask(482) - responseCode = 200
2021-02-09 10:16:43 INFO  ApacheHttpClient.completed(28) - responseCode = 200
2021-02-09 10:16:43 INFO  ApacheHttpClient.getTask(482) - responseCode = 200
2021-02-09 10:16:54 INFO  ApacheHttpClient.getWebResourceAsStream(496) - responseCode = 200
2021-02-09 10:16:54 INFO  ApacheHttpClient.getFilteredTasks(335) - responseCode = 200
2021-02-09 10:16:56 INFO  ApacheHttpClient.getTaskTemplateInfo(352) - responseCode = 200
2021-02-09 10:16:57 INFO  ApacheHttpClient.getWebResourceAsStream(496) - responseCode = 200
2021-02-09 10:17:31 INFO  ApacheHttpClient.sendEvent(529) - responseCode = 200
2021-02-09 10:18:31 INFO  ApacheHttpClient.sendEvent(529) - responseCode = 200
2021-02-09 10:19:31 INFO  ApacheHttpClient.sendEvent(529) - responseCode = 200
2021-02-09 10:20:31 INFO  ApacheHttpClient.sendEvent(529) - responseCode = 200
2021-02-09 10:21:31 INFO  ApacheHttpClient.sendEvent(529) - responseCode = 200
2021-02-09 10:22:31 INFO  ApacheHttpClient.sendEvent(529) - responseCode = 200
2021-02-09 10:23:31 INFO  ApacheHttpClient.sendEvent(529) - responseCode = 200
2021-02-09 10:24:31 INFO  ApacheHttpClient.sendEvent(529) - responseCode = 200
2021-02-09 10:24:36 INFO  ApacheHttpClient.getWebResourceAsStream(496) - responseCode = 200
2021-02-09 10:24:36 INFO  ApacheHttpClient.getTask(482) - responseCode = 200
2021-02-09 10:24:36 INFO  ApacheHttpClient.getWebResourceAsStream(496) - responseCode = 200
2021-02-09 10:24:40 INFO  ApacheHttpClient.completed(28) - responseCode = 200
2021-02-09 10:24:40 INFO  ApacheHttpClient.getTask(482) - responseCode = 200
2021-02-09 10:24:48 INFO  ApacheHttpClient.getWebResourceAsStream(496) - responseCode = 200
2021-02-09 10:24:48 INFO  ApacheHttpClient.getFilteredTasks(335) - responseCode = 200
2021-02-09 10:24:50 INFO  ApacheHttpClient.getTaskTemplateInfo(352) - responseCode = 200
2021-02-09 10:24:51 INFO  ApacheHttpClient.getWebResourceAsStream(496) - responseCode = 200
2021-02-09 10:25:31 INFO  ApacheHttpClient.sendEvent(529) - responseCode = 200
2021-02-09 10:26:31 INFO  ApacheHttpClient.sendEvent(529) - responseCode = 200
2021-02-09 10:27:05 INFO  ApacheHttpClient.getWebResourceAsStream(496) - responseCode = 200
2021-02-09 10:27:06 INFO  ApacheHttpClient.getTask(482) - responseCode = 200
2021-02-09 10:27:06 INFO  ApacheHttpClient.getWebResourceAsStream(496) - responseCode = 200
2021-02-09 10:27:07 INFO  ApacheHttpClient.completed(28) - responseCode = 200
2021-02-09 10:27:07 INFO  ApacheHttpClient.getTask(482) - responseCode = 200
2021-02-09 10:27:11 INFO  ApacheHttpClient.getWebResourceAsStream(496) - responseCode = 200
2021-02-09 10:27:11 INFO  ApacheHttpClient.getFilteredTasks(335) - responseCode = 200
2021-02-09 10:27:13 INFO  ApacheHttpClient.getTaskTemplateInfo(352) - responseCode = 200
2021-02-09 10:27:13 INFO  ApacheHttpClient.getWebResourceAsStream(496) - responseCode = 200
2021-02-09 10:27:31 INFO  ApacheHttpClient.sendEvent(529) - responseCode = 200
2021-02-09 10:28:31 INFO  ApacheHttpClient.sendEvent(529) - responseCode = 200
2021-02-09 10:29:31 INFO  ApacheHttpClient.sendEvent(529) - responseCode = 200
2021-02-09 10:30:31 INFO  ApacheHttpClient.sendEvent(529) - responseCode = 200
2021-02-09 10:31:31 INFO  ApacheHttpClient.sendEvent(529) - responseCode = 200
2021-02-09 10:32:31 INFO  ApacheHttpClient.sendEvent(529) - responseCode = 200
2021-02-09 10:33:31 INFO  ApacheHttpClient.sendEvent(529) - responseCode = 200
2021-02-09 10:34:31 INFO  ApacheHttpClient.sendEvent(529) - responseCode = 200
2021-02-09 10:35:31 INFO  ApacheHttpClient.sendEvent(529) - responseCode = 200
2021-02-09 10:36:31 INFO  ApacheHttpClient.sendEvent(529) - responseCode = 200
2021-02-09 10:37:31 INFO  ApacheHttpClient.sendEvent(529) - responseCode = 200
2021-02-09 10:38:31 INFO  ApacheHttpClient.sendEvent(529) - responseCode = 200
2021-02-09 10:39:31 INFO  ApacheHttpClient.sendEvent(529) - responseCode = 200
2021-02-09 10:40:31 INFO  ApacheHttpClient.sendEvent(529) - responseCode = 200
2021-02-09 10:41:31 INFO  ApacheHttpClient.sendEvent(529) - responseCode = 200
2021-02-09 10:42:31 INFO  ApacheHttpClient.sendEvent(529) - responseCode = 200
2021-02-09 10:43:31 INFO  ApacheHttpClient.sendEvent(529) - responseCode = 200
2021-02-09 10:44:31 INFO  ApacheHttpClient.sendEvent(529) - responseCode = 200
2021-02-09 10:45:31 INFO  ApacheHttpClient.sendEvent(529) - responseCode = 200
2021-02-09 10:46:31 INFO  ApacheHttpClient.sendEvent(529) - responseCode = 200
2021-02-09 10:47:31 INFO  ApacheHttpClient.sendEvent(529) - responseCode = 200
2021-02-09 10:48:31 INFO  ApacheHttpClient.sendEvent(529) - responseCode = 200
2021-02-09 10:49:31 INFO  ApacheHttpClient.sendEvent(529) - responseCode = 200
2021-02-09 10:50:31 INFO  ApacheHttpClient.sendEvent(529) - responseCode = 200
2021-02-09 10:51:31 INFO  ApacheHttpClient.sendEvent(529) - responseCode = 200
2021-02-09 10:52:31 INFO  ApacheHttpClient.sendEvent(529) - responseCode = 200
2021-02-09 10:53:31 INFO  ApacheHttpClient.sendEvent(529) - responseCode = 200
2021-02-09 10:54:31 INFO  ApacheHttpClient.sendEvent(529) - responseCode = 200
2021-02-09 10:54:34 INFO  ApacheHttpClient.getWebResourceAsStream(496) - responseCode = 200
2021-02-09 10:54:34 INFO  ApacheHttpClient.getTask(482) - responseCode = 200
2021-02-09 10:54:35 INFO  ApacheHttpClient.getWebResourceAsStream(496) - responseCode = 200
2021-02-09 10:54:36 INFO  ApacheHttpClient.completed(28) - responseCode = 200
2021-02-09 10:55:31 INFO  ApacheHttpClient.sendEvent(529) - responseCode = 200
2021-02-09 10:56:31 INFO  ApacheHttpClient.sendEvent(529) - responseCode = 200
2021-02-09 10:57:19 INFO  ApacheHttpClient.getWebResourceAsStream(496) - responseCode = 200
2021-02-09 10:57:19 INFO  ApacheHttpClient.getFilteredTasks(335) - responseCode = 200
2021-02-09 10:57:21 INFO  ApacheHttpClient.getWebResourceAsStream(496) - responseCode = 200
2021-02-09 10:57:21 INFO  ApacheHttpClient.getTask(482) - responseCode = 200
2021-02-09 10:57:22 INFO  ApacheHttpClient.getWebResourceAsStream(496) - responseCode = 200
2021-02-09 10:57:24 INFO  ApacheHttpClient.completed(28) - responseCode = 200
2021-02-09 10:57:31 INFO  ApacheHttpClient.sendEvent(529) - responseCode = 200
2021-02-09 10:58:31 INFO  ApacheHttpClient.sendEvent(529) - responseCode = 200
2021-02-09 10:59:31 INFO  ApacheHttpClient.sendEvent(529) - responseCode = 200
2021-02-09 10:59:36 INFO  ApacheHttpClient.getWebResourceAsStream(496) - responseCode = 200
2021-02-09 10:59:36 INFO  ApacheHttpClient.getTask(482) - responseCode = 200
2021-02-09 10:59:37 INFO  ApacheHttpClient.getWebResourceAsStream(496) - responseCode = 200
2021-02-09 10:59:38 INFO  ApacheHttpClient.completed(28) - responseCode = 200
2021-02-09 11:00:31 INFO  ApacheHttpClient.sendEvent(529) - responseCode = 200
2021-02-09 11:01:31 INFO  ApacheHttpClient.sendEvent(529) - responseCode = 200
2021-02-09 11:02:31 INFO  ApacheHttpClient.sendEvent(529) - responseCode = 200
2021-02-09 11:03:31 INFO  ApacheHttpClient.sendEvent(529) - responseCode = 200
2021-02-09 11:04:31 INFO  ApacheHttpClient.sendEvent(529) - responseCode = 200
2021-02-09 11:05:04 INFO  ApacheHttpClient.getWebResourceAsStream(496) - responseCode = 200
2021-02-09 11:05:04 INFO  ApacheHttpClient.getTask(482) - responseCode = 200
2021-02-09 11:05:05 INFO  ApacheHttpClient.getWebResourceAsStream(496) - responseCode = 200
2021-02-09 11:05:06 INFO  ApacheHttpClient.completed(28) - responseCode = 200
2021-02-09 11:05:31 INFO  ApacheHttpClient.sendEvent(529) - responseCode = 200
2021-02-09 11:06:31 INFO  ApacheHttpClient.sendEvent(529) - responseCode = 200
2021-02-09 11:07:31 INFO  ApacheHttpClient.sendEvent(529) - responseCode = 200
2021-02-09 11:08:31 INFO  ApacheHttpClient.sendEvent(529) - responseCode = 200
2021-02-09 11:09:31 INFO  ApacheHttpClient.sendEvent(529) - responseCode = 200
2021-02-09 11:10:31 INFO  ApacheHttpClient.sendEvent(529) - responseCode = 200
2021-02-09 11:11:31 INFO  ApacheHttpClient.sendEvent(529) - responseCode = 200
2021-02-09 11:12:31 INFO  ApacheHttpClient.sendEvent(529) - responseCode = 200
2021-02-09 11:13:31 INFO  ApacheHttpClient.sendEvent(529) - responseCode = 200
2021-02-09 11:14:31 INFO  ApacheHttpClient.sendEvent(529) - responseCode = 200
2021-02-09 11:15:31 INFO  ApacheHttpClient.sendEvent(529) - responseCode = 200
2021-02-09 11:16:31 INFO  ApacheHttpClient.sendEvent(529) - responseCode = 200
2021-02-09 11:17:31 INFO  ApacheHttpClient.sendEvent(529) - responseCode = 200
2021-02-09 11:18:31 INFO  ApacheHttpClient.sendEvent(529) - responseCode = 200
2021-02-09 11:19:31 INFO  ApacheHttpClient.sendEvent(529) - responseCode = 200
2021-02-09 11:20:31 INFO  ApacheHttpClient.sendEvent(529) - responseCode = 200
2021-02-09 11:21:31 INFO  ApacheHttpClient.sendEvent(529) - responseCode = 200
2021-02-09 11:22:31 INFO  ApacheHttpClient.sendEvent(529) - responseCode = 200
2021-02-09 11:22:48 INFO  ApacheHttpClient.getWebResourceAsStream(496) - responseCode = 200
2021-02-09 11:22:49 INFO  ApacheHttpClient.getTask(482) - responseCode = 200
2021-02-09 11:22:49 INFO  ApacheHttpClient.getWebResourceAsStream(496) - responseCode = 200
2021-02-09 11:22:51 INFO  ApacheHttpClient.completed(28) - responseCode = 200
2021-02-09 11:23:31 INFO  ApacheHttpClient.sendEvent(529) - responseCode = 200
2021-02-09 11:24:31 INFO  ApacheHttpClient.sendEvent(529) - responseCode = 200
2021-02-09 11:25:31 INFO  ApacheHttpClient.sendEvent(529) - responseCode = 200
2021-02-09 11:26:31 INFO  ApacheHttpClient.sendEvent(529) - responseCode = 200
2021-02-09 11:26:45 INFO  ApacheHttpClient.getWebResourceAsStream(496) - responseCode = 200
2021-02-09 11:26:45 INFO  ApacheHttpClient.getTask(482) - responseCode = 200
2021-02-09 11:26:46 INFO  ApacheHttpClient.getWebResourceAsStream(496) - responseCode = 200
2021-02-09 11:26:48 INFO  ApacheHttpClient.completed(28) - responseCode = 200
2021-02-09 11:27:31 INFO  ApacheHttpClient.sendEvent(529) - responseCode = 200
2021-02-09 11:28:31 INFO  ApacheHttpClient.sendEvent(529) - responseCode = 200
2021-02-09 11:29:31 INFO  ApacheHttpClient.sendEvent(529) - responseCode = 200
2021-02-09 11:30:31 INFO  ApacheHttpClient.sendEvent(529) - responseCode = 200
2021-02-09 11:31:31 INFO  ApacheHttpClient.sendEvent(529) - responseCode = 200
2021-02-09 11:32:31 INFO  ApacheHttpClient.sendEvent(529) - responseCode = 200
2021-02-09 11:33:31 INFO  ApacheHttpClient.sendEvent(529) - responseCode = 200
2021-02-09 11:34:31 INFO  ApacheHttpClient.sendEvent(529) - responseCode = 200
2021-02-09 11:35:31 INFO  ApacheHttpClient.sendEvent(529) - responseCode = 200
2021-02-09 11:36:31 INFO  ApacheHttpClient.sendEvent(529) - responseCode = 200
2021-02-09 11:37:31 INFO  ApacheHttpClient.sendEvent(529) - responseCode = 200
2021-02-09 11:38:31 INFO  ApacheHttpClient.sendEvent(529) - responseCode = 200
2021-02-09 11:39:31 INFO  ApacheHttpClient.sendEvent(529) - responseCode = 200
2021-02-09 11:40:31 INFO  ApacheHttpClient.sendEvent(529) - responseCode = 200
2021-02-09 11:41:31 INFO  ApacheHttpClient.sendEvent(529) - responseCode = 200
2021-02-09 11:42:31 INFO  ApacheHttpClient.sendEvent(529) - responseCode = 200
2021-02-09 11:43:31 INFO  ApacheHttpClient.sendEvent(529) - responseCode = 200
2021-02-09 11:44:31 INFO  ApacheHttpClient.sendEvent(529) - responseCode = 200
2021-02-09 11:45:31 INFO  ApacheHttpClient.sendEvent(529) - responseCode = 200
2021-02-09 11:46:31 INFO  ApacheHttpClient.sendEvent(529) - responseCode = 200
2021-02-09 11:47:31 INFO  ApacheHttpClient.sendEvent(529) - responseCode = 200
2021-02-09 11:48:31 INFO  ApacheHttpClient.sendEvent(529) - responseCode = 200
2021-02-09 11:49:31 INFO  ApacheHttpClient.sendEvent(529) - responseCode = 200
2021-02-09 11:50:31 INFO  ApacheHttpClient.sendEvent(529) - responseCode = 200
2021-02-09 11:51:31 INFO  ApacheHttpClient.sendEvent(529) - responseCode = 200
2021-02-09 11:52:31 INFO  ApacheHttpClient.sendEvent(529) - responseCode = 200
2021-02-09 11:53:31 INFO  ApacheHttpClient.sendEvent(529) - responseCode = 200
2021-02-09 11:54:31 INFO  ApacheHttpClient.sendEvent(529) - responseCode = 200
2021-02-09 11:55:31 INFO  ApacheHttpClient.sendEvent(529) - responseCode = 200
2021-02-09 11:56:31 INFO  ApacheHttpClient.sendEvent(529) - responseCode = 200
2021-02-09 11:57:31 INFO  ApacheHttpClient.sendEvent(529) - responseCode = 200
2021-02-09 11:58:31 INFO  ApacheHttpClient.sendEvent(529) - responseCode = 200
2021-02-09 11:59:31 INFO  ApacheHttpClient.sendEvent(529) - responseCode = 200
2021-02-09 12:00:31 INFO  ApacheHttpClient.sendEvent(529) - responseCode = 200
2021-02-09 12:01:31 INFO  ApacheHttpClient.sendEvent(529) - responseCode = 200
2021-02-09 12:02:31 INFO  ApacheHttpClient.sendEvent(529) - responseCode = 200
2021-02-09 12:03:31 INFO  ApacheHttpClient.sendEvent(529) - responseCode = 200
2021-02-09 12:04:31 INFO  ApacheHttpClient.sendEvent(529) - responseCode = 200
2021-02-09 12:05:31 INFO  ApacheHttpClient.sendEvent(529) - responseCode = 200
2021-02-09 12:06:31 INFO  ApacheHttpClient.sendEvent(529) - responseCode = 200
2021-02-09 12:07:31 INFO  ApacheHttpClient.sendEvent(529) - responseCode = 200
2021-02-09 12:08:31 INFO  ApacheHttpClient.sendEvent(529) - responseCode = 200
2021-02-09 12:09:31 INFO  ApacheHttpClient.sendEvent(529) - responseCode = 200
2021-02-09 12:10:31 INFO  ApacheHttpClient.sendEvent(529) - responseCode = 200
2021-02-09 12:11:31 INFO  ApacheHttpClient.sendEvent(529) - responseCode = 200
2021-02-09 12:12:31 INFO  ApacheHttpClient.sendEvent(529) - responseCode = 200
2021-02-09 12:13:31 INFO  ApacheHttpClient.sendEvent(529) - responseCode = 200
2021-02-09 12:14:31 INFO  ApacheHttpClient.sendEvent(529) - responseCode = 200
2021-02-09 12:15:31 INFO  ApacheHttpClient.sendEvent(529) - responseCode = 200
2021-02-09 12:16:31 INFO  ApacheHttpClient.sendEvent(529) - responseCode = 200
2021-02-09 12:17:31 INFO  ApacheHttpClient.sendEvent(529) - responseCode = 200
2021-02-09 12:18:31 INFO  ApacheHttpClient.sendEvent(529) - responseCode = 200
2021-02-09 12:19:31 INFO  ApacheHttpClient.sendEvent(529) - responseCode = 200
2021-02-09 12:20:31 INFO  ApacheHttpClient.sendEvent(529) - responseCode = 200
2021-02-09 12:20:39 INFO  PluginTasksProjectComponent.projectClosing(188) - ---------- Project closed ----------

2021-02-09 12:20:39 INFO  ApacheHttpClient.getTask(482) - responseCode = 200
2021-02-09 12:20:39 INFO  ApacheHttpClient.getTask(482) - responseCode = 200
2021-02-09 12:20:39 INFO  ApacheHttpClient.getTask(482) - responseCode = 200
2021-02-09 12:20:40 INFO  ApacheHttpClient.getTask(482) - responseCode = 200
2021-02-09 12:20:40 INFO  ApacheHttpClient.getTask(482) - responseCode = 200
2021-02-09 12:20:40 INFO  ApacheHttpClient.getTask(482) - responseCode = 200
2021-02-09 12:20:40 INFO  ApacheHttpClient.getTask(482) - responseCode = 200
2021-02-09 14:11:00 INFO  PluginTasksProjectComponent.projectOpened(77) - ---------- Project opened ----------
2021-02-09 14:11:00 INFO  PluginTasksProjectComponent.projectOpened(78) - ---------- Version 3.43 ----------

2021-02-09 14:11:00 INFO  ApacheHttpClient.createAsyncHttpClient(145) - 1 proxies selected. Type: DIRECT
2021-02-09 14:11:01 INFO  ApacheHttpClient.<init>(96) - ApacheHttpClient was successfully instantiated.
2021-02-09 14:11:01 INFO  ApacheHttpClient.testConnection(204) - responseCode = 200
2021-02-09 14:11:01 INFO  ApacheHttpClient.testConnection(219) - result = true
2021-02-09 14:11:01 INFO  ApacheHttpClient.isSessionAppropriateWithSecretKey(596) - Waiting for server response.
2021-02-09 14:11:02 INFO  ApacheHttpClient.isSessionAppropriateWithSecretKey(596) - Waiting for server response.
2021-02-09 14:11:02 INFO  ApacheHttpClient.refreshUserInfo(304) - responseCode = 200
2021-02-09 14:11:02 INFO  ApacheHttpClient.refreshUserInfo(310) - User information received.
2021-02-09 14:11:02 INFO  ApacheHttpClient.startGA(35) - GAService started.
2021-02-09 14:11:02 INFO  AbstractRestApiClient.startService(71) - EventsService started.
2021-02-09 14:11:10 INFO  ApacheHttpClient.getWebResourceAsStream(496) - responseCode = 200
2021-02-09 14:12:02 INFO  ApacheHttpClient.sendEvent(529) - responseCode = 200
2021-02-09 14:13:02 INFO  ApacheHttpClient.sendEvent(529) - responseCode = 200
2021-02-09 14:14:02 INFO  ApacheHttpClient.sendEvent(529) - responseCode = 200
2021-02-09 14:15:02 INFO  ApacheHttpClient.sendEvent(529) - responseCode = 200
2021-02-09 14:16:02 INFO  ApacheHttpClient.sendEvent(529) - responseCode = 200
2021-02-09 14:17:02 INFO  ApacheHttpClient.sendEvent(529) - responseCode = 200
2021-02-09 14:18:02 INFO  ApacheHttpClient.sendEvent(529) - responseCode = 200
2021-02-09 14:19:02 INFO  ApacheHttpClient.sendEvent(529) - responseCode = 200
2021-02-09 14:20:02 INFO  ApacheHttpClient.sendEvent(529) - responseCode = 200
2021-02-09 14:21:02 INFO  ApacheHttpClient.sendEvent(529) - responseCode = 200
2021-02-09 14:22:02 INFO  ApacheHttpClient.sendEvent(529) - responseCode = 200
2021-02-09 14:23:02 INFO  ApacheHttpClient.sendEvent(529) - responseCode = 200
2021-02-09 14:24:02 INFO  ApacheHttpClient.sendEvent(529) - responseCode = 200
2021-02-09 14:25:02 INFO  ApacheHttpClient.sendEvent(529) - responseCode = 200
2021-02-09 14:26:02 INFO  ApacheHttpClient.sendEvent(529) - responseCode = 200
2021-02-09 14:27:02 INFO  ApacheHttpClient.sendEvent(529) - responseCode = 200
2021-02-09 14:28:02 INFO  ApacheHttpClient.sendEvent(529) - responseCode = 200
2021-02-09 14:29:02 INFO  ApacheHttpClient.sendEvent(529) - responseCode = 200
2021-02-09 14:30:02 INFO  ApacheHttpClient.sendEvent(529) - responseCode = 200
2021-02-09 14:31:02 INFO  ApacheHttpClient.sendEvent(529) - responseCode = 200
2021-02-09 14:32:02 INFO  ApacheHttpClient.sendEvent(529) - responseCode = 200
2021-02-09 14:33:02 INFO  ApacheHttpClient.sendEvent(529) - responseCode = 200
2021-02-09 14:34:03 INFO  ApacheHttpClient.sendEvent(529) - responseCode = 200
2021-02-09 14:35:02 INFO  ApacheHttpClient.sendEvent(529) - responseCode = 200
2021-02-09 14:36:02 INFO  ApacheHttpClient.sendEvent(529) - responseCode = 200
2021-02-09 14:36:12 INFO  ApacheHttpClient.getWebResourceAsStream(496) - responseCode = 200
2021-02-09 14:36:12 INFO  ApacheHttpClient.getTask(482) - responseCode = 200
2021-02-09 14:37:02 INFO  ApacheHttpClient.sendEvent(529) - responseCode = 200
2021-02-09 14:37:37 INFO  ApacheHttpClient.getWebResourceAsStream(496) - responseCode = 200
2021-02-09 14:37:37 INFO  ApacheHttpClient.getTask(482) - responseCode = 200
2021-02-09 14:37:38 INFO  ApacheHttpClient.getWebResourceAsStream(496) - responseCode = 200
2021-02-09 14:37:40 INFO  ApacheHttpClient.completed(28) - responseCode = 200
2021-02-09 14:37:40 INFO  ApacheHttpClient.getTask(482) - responseCode = 200
2021-02-09 14:37:56 INFO  ApacheHttpClient.getWebResourceAsStream(496) - responseCode = 200
2021-02-09 14:37:56 INFO  ApacheHttpClient.getFilteredTasks(335) - responseCode = 200
2021-02-09 14:38:02 INFO  ApacheHttpClient.sendEvent(529) - responseCode = 200
2021-02-09 14:39:02 INFO  ApacheHttpClient.sendEvent(529) - responseCode = 200
2021-02-09 14:40:02 INFO  ApacheHttpClient.sendEvent(529) - responseCode = 200
2021-02-09 14:41:02 INFO  ApacheHttpClient.sendEvent(529) - responseCode = 200
2021-02-09 14:42:02 INFO  ApacheHttpClient.sendEvent(529) - responseCode = 200
2021-02-09 14:43:02 INFO  ApacheHttpClient.sendEvent(529) - responseCode = 200
2021-02-09 14:44:02 INFO  ApacheHttpClient.getWebResourceAsStream(496) - responseCode = 200
2021-02-09 14:44:02 INFO  ApacheHttpClient.getFilteredTasks(335) - responseCode = 200
2021-02-09 14:44:02 INFO  ApacheHttpClient.sendEvent(529) - responseCode = 200
2021-02-09 14:44:06 INFO  ApacheHttpClient.getTaskTemplateInfo(352) - responseCode = 200
2021-02-09 14:44:07 INFO  ApacheHttpClient.getWebResourceAsStream(496) - responseCode = 200
2021-02-09 14:45:02 INFO  ApacheHttpClient.sendEvent(529) - responseCode = 200
2021-02-09 14:46:02 INFO  ApacheHttpClient.sendEvent(529) - responseCode = 200
2021-02-09 14:47:02 INFO  ApacheHttpClient.sendEvent(529) - responseCode = 200
2021-02-09 14:48:02 INFO  ApacheHttpClient.sendEvent(529) - responseCode = 200
2021-02-09 14:48:32 INFO  ApacheHttpClient.getWebResourceAsStream(496) - responseCode = 200
2021-02-09 14:48:33 INFO  ApacheHttpClient.getWebResourceAsStream(496) - responseCode = 200
2021-02-09 14:48:33 INFO  ApacheHttpClient.getTask(482) - responseCode = 200
2021-02-09 14:48:34 INFO  ApacheHttpClient.completed(28) - responseCode = 200
2021-02-09 14:49:02 INFO  ApacheHttpClient.sendEvent(529) - responseCode = 200
2021-02-09 14:50:02 INFO  ApacheHttpClient.sendEvent(529) - responseCode = 200
2021-02-09 14:51:02 INFO  ApacheHttpClient.sendEvent(529) - responseCode = 200
2021-02-09 14:52:02 INFO  ApacheHttpClient.sendEvent(529) - responseCode = 200
2021-02-09 14:52:48 INFO  ApacheHttpClient.getWebResourceAsStream(496) - responseCode = 200
2021-02-09 14:52:48 INFO  ApacheHttpClient.getTask(482) - responseCode = 200
2021-02-09 14:52:48 INFO  ApacheHttpClient.getWebResourceAsStream(496) - responseCode = 200
2021-02-09 14:52:49 INFO  ApacheHttpClient.completed(28) - responseCode = 200
2021-02-09 14:53:02 INFO  ApacheHttpClient.sendEvent(529) - responseCode = 200
2021-02-09 14:54:02 INFO  ApacheHttpClient.sendEvent(529) - responseCode = 200
2021-02-09 14:55:02 INFO  ApacheHttpClient.sendEvent(529) - responseCode = 200
2021-02-09 14:56:02 INFO  ApacheHttpClient.sendEvent(529) - responseCode = 200
2021-02-09 14:57:02 INFO  ApacheHttpClient.sendEvent(529) - responseCode = 200
2021-02-09 14:57:43 INFO  ApacheHttpClient.getWebResourceAsStream(496) - responseCode = 200
2021-02-09 14:57:44 INFO  ApacheHttpClient.getWebResourceAsStream(496) - responseCode = 200
2021-02-09 14:57:44 INFO  ApacheHttpClient.getTask(482) - responseCode = 200
2021-02-09 14:57:45 INFO  ApacheHttpClient.completed(28) - responseCode = 200
2021-02-09 14:57:45 INFO  ApacheHttpClient.getTask(482) - responseCode = 200
2021-02-09 14:57:53 INFO  ApacheHttpClient.getWebResourceAsStream(496) - responseCode = 200
2021-02-09 14:57:53 INFO  ApacheHttpClient.getFilteredTasks(335) - responseCode = 200
2021-02-09 14:58:02 INFO  ApacheHttpClient.sendEvent(529) - responseCode = 200
2021-02-09 14:58:11 INFO  PluginTasksProjectComponent.projectClosing(188) - ---------- Project closed ----------

2021-02-09 14:58:11 INFO  ApacheHttpClient.getTask(482) - responseCode = 200
2021-02-09 14:58:11 INFO  ApacheHttpClient.getTask(482) - responseCode = 200
2021-02-09 14:58:11 ERROR PluginUtil.getUserPropertyFromProjectByKey(317) - Error while using a key to get a property from properties file. : java.lang.NullPointerException
2021-02-09 14:58:11 ERROR PluginUtil.getUserPropertyFromProjectByKey(317) - Error while using a key to get a property from properties file. : java.lang.NullPointerException
2021-02-09 14:58:11 ERROR PluginUtil.getUserPropertyFromProjectByKey(317) - Error while using a key to get a property from properties file. : java.lang.NullPointerException
2021-02-09 14:58:11 ERROR PluginUtil.getUserPropertyFromProjectByKey(317) - Error while using a key to get a property from properties file. : java.lang.NullPointerException
2021-02-09 16:12:49 INFO  PluginTasksProjectComponent.projectOpened(77) - ---------- Project opened ----------
2021-02-09 16:12:49 INFO  PluginTasksProjectComponent.projectOpened(78) - ---------- Version 3.43 ----------

2021-02-09 16:12:49 INFO  ApacheHttpClient.createAsyncHttpClient(145) - 1 proxies selected. Type: DIRECT
2021-02-09 16:12:49 INFO  ApacheHttpClient.<init>(96) - ApacheHttpClient was successfully instantiated.
2021-02-09 16:12:50 INFO  ApacheHttpClient.testConnection(204) - responseCode = 200
2021-02-09 16:12:50 INFO  ApacheHttpClient.testConnection(219) - result = true
2021-02-09 16:12:50 INFO  ApacheHttpClient.isSessionAppropriateWithSecretKey(596) - Waiting for server response.
2021-02-09 16:12:50 INFO  ApacheHttpClient.isSessionAppropriateWithSecretKey(596) - Waiting for server response.
2021-02-09 16:12:51 INFO  ApacheHttpClient.refreshUserInfo(304) - responseCode = 200
2021-02-09 16:12:51 INFO  ApacheHttpClient.refreshUserInfo(310) - User information received.
2021-02-09 16:12:51 INFO  ApacheHttpClient.startGA(35) - GAService started.
2021-02-09 16:12:51 INFO  AbstractRestApiClient.startService(71) - EventsService started.
2021-02-09 16:12:55 INFO  ApacheHttpClient.getWebResourceAsStream(496) - responseCode = 200
2021-02-09 16:13:11 INFO  ApacheHttpClient.getWebResourceAsStream(496) - responseCode = 200
2021-02-09 16:13:11 INFO  ApacheHttpClient.getFilteredTasks(335) - responseCode = 200
2021-02-09 16:13:13 INFO  ApacheHttpClient.getTaskTemplateInfo(352) - responseCode = 200
2021-02-09 16:13:14 INFO  ApacheHttpClient.getWebResourceAsStream(496) - responseCode = 200
2021-02-09 16:13:51 INFO  ApacheHttpClient.sendEvent(529) - responseCode = 200
2021-02-09 16:14:51 INFO  ApacheHttpClient.sendEvent(529) - responseCode = 200
2021-02-09 16:15:51 INFO  ApacheHttpClient.sendEvent(529) - responseCode = 200
2021-02-09 16:16:51 INFO  ApacheHttpClient.sendEvent(529) - responseCode = 200
2021-02-09 16:17:51 INFO  ApacheHttpClient.sendEvent(529) - responseCode = 200
2021-02-09 16:18:51 INFO  ApacheHttpClient.sendEvent(529) - responseCode = 200
2021-02-09 16:19:51 INFO  ApacheHttpClient.sendEvent(529) - responseCode = 200
2021-02-09 16:20:51 INFO  ApacheHttpClient.sendEvent(529) - responseCode = 200
2021-02-09 16:21:51 INFO  ApacheHttpClient.sendEvent(529) - responseCode = 200
2021-02-09 16:22:51 INFO  ApacheHttpClient.sendEvent(529) - responseCode = 200
2021-02-09 16:23:51 INFO  ApacheHttpClient.sendEvent(529) - responseCode = 200
2021-02-09 16:24:08 INFO  PluginTasksProjectComponent.projectClosing(188) - ---------- Project closed ----------

2021-02-09 16:24:08 INFO  ApacheHttpClient.getTask(482) - responseCode = 200
2021-02-09 16:24:09 INFO  ApacheHttpClient.getTask(482) - responseCode = 200
2021-02-10 08:20:17 INFO  PluginTasksProjectComponent.projectOpened(77) - ---------- Project opened ----------
2021-02-10 08:20:17 INFO  PluginTasksProjectComponent.projectOpened(78) - ---------- Version 3.43 ----------

2021-02-10 08:20:17 INFO  ApacheHttpClient.createAsyncHttpClient(145) - 1 proxies selected. Type: DIRECT
2021-02-10 08:20:17 INFO  ApacheHttpClient.<init>(96) - ApacheHttpClient was successfully instantiated.
2021-02-10 08:20:18 INFO  ApacheHttpClient.testConnection(204) - responseCode = 200
2021-02-10 08:20:18 INFO  ApacheHttpClient.testConnection(219) - result = true
2021-02-10 08:20:18 INFO  ApacheHttpClient.isSessionAppropriateWithSecretKey(596) - Waiting for server response.
2021-02-10 08:20:18 INFO  ApacheHttpClient.isSessionAppropriateWithSecretKey(596) - Waiting for server response.
2021-02-10 08:20:19 INFO  ApacheHttpClient.refreshUserInfo(304) - responseCode = 200
2021-02-10 08:20:19 INFO  ApacheHttpClient.refreshUserInfo(310) - User information received.
2021-02-10 08:20:19 INFO  ApacheHttpClient.startGA(35) - GAService started.
2021-02-10 08:20:19 INFO  AbstractRestApiClient.startService(71) - EventsService started.
2021-02-10 08:20:26 INFO  ApacheHttpClient.getWebResourceAsStream(496) - responseCode = 200
2021-02-10 08:20:46 INFO  PluginTasksProjectComponent.projectClosing(188) - ---------- Project closed ----------

2021-02-10 08:20:46 INFO  ApacheHttpClient.getTask(482) - responseCode = 200
2021-02-10 08:20:46 ERROR PluginUtil.getUserPropertyFromProjectByKey(317) - Error while using a key to get a property from properties file. : java.lang.NullPointerException
2021-02-10 08:20:46 ERROR PluginUtil.getUserPropertyFromProjectByKey(317) - Error while using a key to get a property from properties file. : java.lang.NullPointerException
2021-02-10 08:20:46 ERROR PluginUtil.getUserPropertyFromProjectByKey(317) - Error while using a key to get a property from properties file. : java.lang.NullPointerException
2021-02-10 13:00:32 INFO  PluginTasksProjectComponent.projectOpened(77) - ---------- Project opened ----------
2021-02-10 13:00:32 INFO  PluginTasksProjectComponent.projectOpened(78) - ---------- Version 3.43 ----------

2021-02-10 13:00:32 INFO  ApacheHttpClient.createAsyncHttpClient(145) - 1 proxies selected. Type: DIRECT
2021-02-10 13:00:33 INFO  ApacheHttpClient.<init>(96) - ApacheHttpClient was successfully instantiated.
2021-02-10 13:00:33 INFO  ApacheHttpClient.testConnection(204) - responseCode = 200
2021-02-10 13:00:33 INFO  ApacheHttpClient.testConnection(219) - result = true
2021-02-10 13:00:33 INFO  ApacheHttpClient.isSessionAppropriateWithSecretKey(596) - Waiting for server response.
2021-02-10 13:00:34 INFO  ApacheHttpClient.isSessionAppropriateWithSecretKey(596) - Waiting for server response.
2021-02-10 13:00:34 INFO  ApacheHttpClient.refreshUserInfo(304) - responseCode = 200
2021-02-10 13:00:34 INFO  ApacheHttpClient.refreshUserInfo(310) - User information received.
2021-02-10 13:00:34 INFO  ApacheHttpClient.startGA(35) - GAService started.
2021-02-10 13:00:34 INFO  AbstractRestApiClient.startService(71) - EventsService started.
2021-02-10 13:00:39 INFO  ApacheHttpClient.getWebResourceAsStream(496) - responseCode = 200
2021-02-10 13:01:35 INFO  ApacheHttpClient.sendEvent(529) - responseCode = 200
2021-02-10 13:02:34 INFO  ApacheHttpClient.sendEvent(529) - responseCode = 200
2021-02-10 13:03:34 INFO  ApacheHttpClient.sendEvent(529) - responseCode = 200
2021-02-10 13:04:34 INFO  ApacheHttpClient.sendEvent(529) - responseCode = 200
2021-02-10 13:05:34 INFO  ApacheHttpClient.sendEvent(529) - responseCode = 200
2021-02-10 13:06:34 INFO  ApacheHttpClient.sendEvent(529) - responseCode = 200
2021-02-10 13:07:34 INFO  ApacheHttpClient.sendEvent(529) - responseCode = 200
2021-02-10 13:08:34 INFO  ApacheHttpClient.sendEvent(529) - responseCode = 200
2021-02-10 13:09:34 INFO  ApacheHttpClient.sendEvent(529) - responseCode = 200
2021-02-10 13:10:34 INFO  ApacheHttpClient.sendEvent(529) - responseCode = 200
2021-02-10 13:11:34 INFO  ApacheHttpClient.sendEvent(529) - responseCode = 200
2021-02-10 13:11:47 INFO  ApacheHttpClient.getWebResourceAsStream(496) - responseCode = 200
2021-02-10 13:11:48 INFO  ApacheHttpClient.getTask(482) - responseCode = 200
2021-02-10 13:12:34 INFO  ApacheHttpClient.sendEvent(529) - responseCode = 200
2021-02-10 13:13:34 INFO  ApacheHttpClient.sendEvent(529) - responseCode = 200
2021-02-10 13:14:34 INFO  ApacheHttpClient.sendEvent(529) - responseCode = 200
2021-02-10 13:15:34 INFO  ApacheHttpClient.sendEvent(529) - responseCode = 200
2021-02-10 13:16:34 INFO  ApacheHttpClient.sendEvent(529) - responseCode = 200
2021-02-10 13:17:34 INFO  ApacheHttpClient.sendEvent(529) - responseCode = 200
2021-02-10 13:17:36 INFO  ApacheHttpClient.getWebResourceAsStream(496) - responseCode = 200
2021-02-10 13:17:37 INFO  ApacheHttpClient.getWebResourceAsStream(496) - responseCode = 200
2021-02-10 13:17:37 INFO  ApacheHttpClient.getTask(482) - responseCode = 200
2021-02-10 13:17:38 INFO  ApacheHttpClient.completed(28) - responseCode = 200
2021-02-10 13:17:57 INFO  ApacheHttpClient.getWebResourceAsStream(496) - responseCode = 200
2021-02-10 13:17:57 INFO  ApacheHttpClient.getTask(482) - responseCode = 200
2021-02-10 13:17:57 INFO  ApacheHttpClient.getWebResourceAsStream(496) - responseCode = 200
2021-02-10 13:17:58 INFO  ApacheHttpClient.completed(28) - responseCode = 200
2021-02-10 13:18:34 INFO  ApacheHttpClient.sendEvent(529) - responseCode = 200
2021-02-10 13:19:33 INFO  ApacheHttpClient.getWebResourceAsStream(496) - responseCode = 200
2021-02-10 13:19:34 INFO  ApacheHttpClient.getWebResourceAsStream(496) - responseCode = 200
2021-02-10 13:19:34 INFO  ApacheHttpClient.getTask(482) - responseCode = 200
2021-02-10 13:19:34 INFO  ApacheHttpClient.sendEvent(529) - responseCode = 200
2021-02-10 13:19:34 INFO  ApacheHttpClient.completed(28) - responseCode = 200
2021-02-10 13:20:15 INFO  ApacheHttpClient.getWebResourceAsStream(496) - responseCode = 200
2021-02-10 13:20:16 INFO  ApacheHttpClient.getTask(482) - responseCode = 200
2021-02-10 13:20:34 INFO  ApacheHttpClient.sendEvent(529) - responseCode = 200
2021-02-10 13:21:13 INFO  ApacheHttpClient.getWebResourceAsStream(496) - responseCode = 200
2021-02-10 13:21:14 INFO  ApacheHttpClient.getWebResourceAsStream(496) - responseCode = 200
2021-02-10 13:21:14 INFO  ApacheHttpClient.getTask(482) - responseCode = 200
2021-02-10 13:21:16 INFO  ApacheHttpClient.completed(28) - responseCode = 200
2021-02-10 13:21:16 INFO  ApacheHttpClient.getTask(482) - responseCode = 200
2021-02-10 13:21:24 INFO  ApacheHttpClient.getWebResourceAsStream(496) - responseCode = 200
2021-02-10 13:21:24 INFO  ApacheHttpClient.getFilteredTasks(335) - responseCode = 200
2021-02-10 13:21:29 INFO  PluginTasksProjectComponent.projectClosing(188) - ---------- Project closed ----------

2021-02-10 13:21:29 INFO  ApacheHttpClient.getTask(482) - responseCode = 200
2021-02-10 13:21:29 ERROR PluginUtil.getUserPropertyFromProjectByKey(317) - Error while using a key to get a property from properties file. : java.lang.NullPointerException
2021-02-10 13:21:29 ERROR PluginUtil.getUserPropertyFromProjectByKey(317) - Error while using a key to get a property from properties file. : java.lang.NullPointerException
2021-02-10 13:21:29 ERROR PluginUtil.getUserPropertyFromProjectByKey(317) - Error while using a key to get a property from properties file. : java.lang.NullPointerException
2021-02-10 13:21:29 ERROR PluginUtil.getUserPropertyFromProjectByKey(317) - Error while using a key to get a property from properties file. : java.lang.NullPointerException
2021-02-10 15:58:26 INFO  PluginTasksProjectComponent.projectOpened(77) - ---------- Project opened ----------
2021-02-10 15:58:26 INFO  PluginTasksProjectComponent.projectOpened(78) - ---------- Version 3.43 ----------

2021-02-10 15:58:26 INFO  ApacheHttpClient.createAsyncHttpClient(145) - 1 proxies selected. Type: DIRECT
2021-02-10 15:58:26 INFO  ApacheHttpClient.<init>(96) - ApacheHttpClient was successfully instantiated.
2021-02-10 15:58:27 INFO  ApacheHttpClient.testConnection(204) - responseCode = 200
2021-02-10 15:58:27 INFO  ApacheHttpClient.testConnection(219) - result = true
2021-02-10 15:58:27 INFO  ApacheHttpClient.isSessionAppropriateWithSecretKey(596) - Waiting for server response.
2021-02-10 15:58:27 INFO  ApacheHttpClient.isSessionAppropriateWithSecretKey(596) - Waiting for server response.
2021-02-10 15:58:27 INFO  ApacheHttpClient.refreshUserInfo(304) - responseCode = 200
2021-02-10 15:58:27 INFO  ApacheHttpClient.refreshUserInfo(310) - User information received.
2021-02-10 15:58:28 INFO  ApacheHttpClient.startGA(35) - GAService started.
2021-02-10 15:58:28 INFO  AbstractRestApiClient.startService(71) - EventsService started.
2021-02-10 15:58:32 INFO  ApacheHttpClient.getWebResourceAsStream(496) - responseCode = 200
2021-02-10 15:59:28 INFO  ApacheHttpClient.sendEvent(529) - responseCode = 200
